# JRE version: Java(TM) SE Runtime Environment (8.0_181-b13) (build 1.8.0_181-b13)
# Java VM: Java HotSpot(TM) 64-Bit Server VM (25.181-b13 mixed mode windows-amd64 compressed oops)
Heap:
 PSYoungGen      total 430592K, used 102214K [0x00000000d5d80000, 0x00000000f1700000, 0x0000000100000000)
  eden space 412160K, 22% used [0x00000000d5d80000,0x00000000db87f0d8,0x00000000ef000000)
  from space 18432K, 49% used [0x00000000f0180000,0x00000000f0a52950,0x00000000f1380000)
  to   space 17920K, 0% used [0x00000000ef000000,0x00000000ef000000,0x00000000f0180000)
 ParOldGen       total 77312K, used 36227K [0x0000000081800000, 0x0000000086380000, 0x00000000d5d80000)
  object space 77312K, 46% used [0x0000000081800000,0x0000000083b60f68,0x0000000086380000)
 Metaspace       used 56090K, capacity 58170K, committed 58496K, reserved 1099776K
  class space    used 7263K, capacity 7690K, committed 7808K, reserved 1048576K
GC Heap History (10 events):
Event: 11.834 GC heap before
{Heap before GC invocations=10 (full 1):
 PSYoungGen      total 206336K, used 16762K [0x00000000d5d80000, 0x00000000e5680000, 0x0000000100000000)
  eden space 196096K, 3% used [0x00000000d5d80000,0x00000000d63e3328,0x00000000e1d00000)
  from space 10240K, 99% used [0x00000000e2b00000,0x00000000e34fb4e0,0x00000000e3500000)
  to   space 14336K, 0% used [0x00000000e1d00000,0x00000000e1d00000,0x00000000e2b00000)
 ParOldGen       total 51712K, used 16529K [0x0000000081800000, 0x0000000084a80000, 0x00000000d5d80000)
  object space 51712K, 31% used [0x0000000081800000,0x00000000828244c0,0x0000000084a80000)
 Metaspace       used 34005K, capacity 35446K, committed 35496K, reserved 1079296K
  class space    used 4512K, capacity 4819K, committed 4864K, reserved 1048576K
Event: 11.866 GC heap after
Heap after GC invocations=10 (full 1):
 PSYoungGen      total 210432K, used 8206K [0x00000000d5d80000, 0x00000000e9e00000, 0x0000000100000000)
  eden space 196096K, 0% used [0x00000000d5d80000,0x00000000d5d80000,0x00000000e1d00000)
  from space 14336K, 57% used [0x00000000e1d00000,0x00000000e25038b8,0x00000000e2b00000)
  to   space 13824K, 0% used [0x00000000e9080000,0x00000000e9080000,0x00000000e9e00000)
 ParOldGen       total 51712K, used 18933K [0x0000000081800000, 0x0000000084a80000, 0x00000000d5d80000)
  object space 51712K, 36% used [0x0000000081800000,0x0000000082a7d470,0x0000000084a80000)
 Metaspace       used 34005K, capacity 35446K, committed 35496K, reserved 1079296K
  class space    used 4512K, capacity 4819K, committed 4864K, reserved 1048576K
}
Event: 11.866 GC heap before
{Heap before GC invocations=11 (full 2):
 PSYoungGen      total 210432K, used 8206K [0x00000000d5d80000, 0x00000000e9e00000, 0x0000000100000000)
  eden space 196096K, 0% used [0x00000000d5d80000,0x00000000d5d80000,0x00000000e1d00000)
  from space 14336K, 57% used [0x00000000e1d00000,0x00000000e25038b8,0x00000000e2b00000)
  to   space 13824K, 0% used [0x00000000e9080000,0x00000000e9080000,0x00000000e9e00000)
 ParOldGen       total 51712K, used 18933K [0x0000000081800000, 0x0000000084a80000, 0x00000000d5d80000)
  object space 51712K, 36% used [0x0000000081800000,0x0000000082a7d470,0x0000000084a80000)
 Metaspace       used 34005K, capacity 35446K, committed 35496K, reserved 1079296K
  class space    used 4512K, capacity 4819K, committed 4864K, reserved 1048576K
Event: 11.943 GC heap after
Heap after GC invocations=11 (full 2):
 PSYoungGen      total 210432K, used 0K [0x00000000d5d80000, 0x00000000e9e00000, 0x0000000100000000)
  eden space 196096K, 0% used [0x00000000d5d80000,0x00000000d5d80000,0x00000000e1d00000)
  from space 14336K, 0% used [0x00000000e1d00000,0x00000000e1d00000,0x00000000e2b00000)
  to   space 13824K, 0% used [0x00000000e9080000,0x00000000e9080000,0x00000000e9e00000)
 ParOldGen       total 77312K, used 22222K [0x0000000081800000, 0x0000000086380000, 0x00000000d5d80000)
  object space 77312K, 28% used [0x0000000081800000,0x0000000082db3b10,0x0000000086380000)
 Metaspace       used 34005K, capacity 35446K, committed 35496K, reserved 1079296K
  class space    used 4512K, capacity 4819K, committed 4864K, reserved 1048576K
}
Event: 14.083 GC heap before
{Heap before GC invocations=12 (full 2):
 PSYoungGen      total 210432K, used 196096K [0x00000000d5d80000, 0x00000000e9e00000, 0x0000000100000000)
  eden space 196096K, 100% used [0x00000000d5d80000,0x00000000e1d00000,0x00000000e1d00000)
  from space 14336K, 0% used [0x00000000e1d00000,0x00000000e1d00000,0x00000000e2b00000)
  to   space 13824K, 0% used [0x00000000e9080000,0x00000000e9080000,0x00000000e9e00000)
 ParOldGen       total 77312K, used 22222K [0x0000000081800000, 0x0000000086380000, 0x00000000d5d80000)
  object space 77312K, 28% used [0x0000000081800000,0x0000000082db3b10,0x0000000086380000)
 Metaspace       used 40423K, capacity 41966K, committed 42240K, reserved 1085440K
  class space    used 5241K, capacity 5559K, committed 5632K, reserved 1048576K
Event: 14.093 GC heap after
Heap after GC invocations=12 (full 2):
 PSYoungGen      total 297472K, used 10968K [0x00000000d5d80000, 0x00000000e9b80000, 0x0000000100000000)
  eden space 286208K, 0% used [0x00000000d5d80000,0x00000000d5d80000,0x00000000e7500000)
  from space 11264K, 97% used [0x00000000e9080000,0x00000000e9b36088,0x00000000e9b80000)
  to   space 14336K, 0% used [0x00000000e7f80000,0x00000000e7f80000,0x00000000e8d80000)
 ParOldGen       total 77312K, used 22230K [0x0000000081800000, 0x0000000086380000, 0x00000000d5d80000)
  object space 77312K, 28% used [0x0000000081800000,0x0000000082db5b10,0x0000000086380000)
 Metaspace       used 40423K, capacity 41966K, committed 42240K, reserved 1085440K
  class space    used 5241K, capacity 5559K, committed 5632K, reserved 1048576K
}
Event: 19.483 GC heap before
{Heap before GC invocations=13 (full 2):
 PSYoungGen      total 297472K, used 297176K [0x00000000d5d80000, 0x00000000e9b80000, 0x0000000100000000)
  eden space 286208K, 100% used [0x00000000d5d80000,0x00000000e7500000,0x00000000e7500000)
  from space 11264K, 97% used [0x00000000e9080000,0x00000000e9b36088,0x00000000e9b80000)
  to   space 14336K, 0% used [0x00000000e7f80000,0x00000000e7f80000,0x00000000e8d80000)
 ParOldGen       total 77312K, used 22230K [0x0000000081800000, 0x0000000086380000, 0x00000000d5d80000)
  object space 77312K, 28% used [0x0000000081800000,0x0000000082db5b10,0x0000000086380000)
 Metaspace       used 50596K, capacity 52560K, committed 52864K, reserved 1095680K
  class space    used 6572K, capacity 6963K, committed 7040K, reserved 1048576K
Event: 19.531 GC heap after
Heap after GC invocations=13 (full 2):
 PSYoungGen      total 311296K, used 14326K [0x00000000d5d80000, 0x00000000f1380000, 0x0000000100000000)
  eden space 296960K, 0% used [0x00000000d5d80000,0x00000000d5d80000,0x00000000e7f80000)
  from space 14336K, 99% used [0x00000000e7f80000,0x00000000e8d7d890,0x00000000e8d80000)
  to   space 18432K, 0% used [0x00000000f0180000,0x00000000f0180000,0x00000000f1380000)
 ParOldGen       total 77312K, used 28701K [0x0000000081800000, 0x0000000086380000, 0x00000000d5d80000)
  object space 77312K, 37% used [0x0000000081800000,0x00000000834076c8,0x0000000086380000)
 Metaspace       used 50596K, capacity 52560K, committed 52864K, reserved 1095680K
  class space    used 6572K, capacity 6963K, committed 7040K, reserved 1048576K
}
Event: 3129.536 GC heap before
{Heap before GC invocations=14 (full 2):
 PSYoungGen      total 311296K, used 311286K [0x00000000d5d80000, 0x00000000f1380000, 0x0000000100000000)
  eden space 296960K, 100% used [0x00000000d5d80000,0x00000000e7f80000,0x00000000e7f80000)
  from space 14336K, 99% used [0x00000000e7f80000,0x00000000e8d7d890,0x00000000e8d80000)
  to   space 18432K, 0% used [0x00000000f0180000,0x00000000f0180000,0x00000000f1380000)
 ParOldGen       total 77312K, used 28701K [0x0000000081800000, 0x0000000086380000, 0x00000000d5d80000)
  object space 77312K, 37% used [0x0000000081800000,0x00000000834076c8,0x0000000086380000)
 Metaspace       used 55273K, capacity 57338K, committed 57600K, reserved 1099776K
  class space    used 7164K, capacity 7588K, committed 7680K, reserved 1048576K
Event: 3129.553 GC heap after
Heap after GC invocations=14 (full 2):
 PSYoungGen      total 430592K, used 9034K [0x00000000d5d80000, 0x00000000f1700000, 0x0000000100000000)
  eden space 412160K, 0% used [0x00000000d5d80000,0x00000000d5d80000,0x00000000ef000000)
  from space 18432K, 49% used [0x00000000f0180000,0x00000000f0a52950,0x00000000f1380000)
  to   space 17920K, 0% used [0x00000000ef000000,0x00000000ef000000,0x00000000f0180000)
 ParOldGen       total 77312K, used 36227K [0x0000000081800000, 0x0000000086380000, 0x00000000d5d80000)
  object space 77312K, 46% used [0x0000000081800000,0x0000000083b60f68,0x0000000086380000)
 Metaspace       used 55273K, capacity 57338K, committed 57600K, reserved 1099776K
  class space    used 7164K, capacity 7588K, committed 7680K, reserved 1048576K
}

